# JRE version: Java(TM) SE Runtime Environment (9.0+11) (build 9.0.4+11)
# Java VM: Java HotSpot(TM) 64-Bit Server VM (9.0.4+11, mixed mode, tiered, compressed oops, g1 gc, windows-amd64)
Heap:
 garbage-first heap   total 183296K, used 115201K [0x0000000700000000, 0x0000000700100598, 0x00000007c0000000)
  region size 1024K, 55 young (56320K), 7 survivors (7168K)
 Metaspace       used 78913K, capacity 83191K, committed 83368K, reserved 1120256K
  class space    used 10876K, capacity 11622K, committed 11720K, reserved 1048576K
GC Heap History (10 events):
Event: 1608.403 GC heap before
{Heap before GC invocations=54 (full 2):
 garbage-first heap   total 183296K, used 138216K [0x0000000700000000, 0x0000000700100598, 0x00000007c0000000)
  region size 1024K, 60 young (61440K), 3 survivors (3072K)
 Metaspace       used 76071K, capacity 80295K, committed 80424K, reserved 1118208K
  class space    used 10295K, capacity 11044K, committed 11080K, reserved 1048576K
}
Event: 1608.407 GC heap after
{Heap after GC invocations=55 (full 2):
 garbage-first heap   total 183296K, used 79815K [0x0000000700000000, 0x0000000700100598, 0x00000007c0000000)
  region size 1024K, 3 young (3072K), 3 survivors (3072K)
 Metaspace       used 76071K, capacity 80295K, committed 80424K, reserved 1118208K
  class space    used 10295K, capacity 11044K, committed 11080K, reserved 1048576K
}
Event: 1614.386 GC heap before
{Heap before GC invocations=55 (full 2):
 garbage-first heap   total 183296K, used 101319K [0x0000000700000000, 0x0000000700100598, 0x00000007c0000000)
  region size 1024K, 25 young (25600K), 3 survivors (3072K)
 Metaspace       used 76140K, capacity 80327K, committed 80424K, reserved 1118208K
  class space    used 10302K, capacity 11076K, committed 11080K, reserved 1048576K
}
Event: 1614.527 GC heap after
{Heap after GC invocations=56 (full 3):
 garbage-first heap   total 183296K, used 59567K [0x0000000700000000, 0x0000000700100598, 0x00000007c0000000)
  region size 1024K, 0 young (0K), 0 survivors (0K)
 Metaspace       used 76140K, capacity 80327K, committed 80424K, reserved 1118208K
  class space    used 10302K, capacity 11076K, committed 11080K, reserved 1048576K
}
Event: 1617.225 GC heap before
{Heap before GC invocations=56 (full 3):
 garbage-first heap   total 183296K, used 121007K [0x0000000700000000, 0x0000000700100598, 0x00000007c0000000)
  region size 1024K, 60 young (61440K), 0 survivors (0K)
 Metaspace       used 76350K, capacity 80529K, committed 80680K, reserved 1118208K
  class space    used 10318K, capacity 11077K, committed 11080K, reserved 1048576K
}
Event: 1617.227 GC heap after
{Heap after GC invocations=57 (full 3):
 garbage-first heap   total 183296K, used 60644K [0x0000000700000000, 0x0000000700100598, 0x00000007c0000000)
  region size 1024K, 2 young (2048K), 2 survivors (2048K)
 Metaspace       used 76350K, capacity 80529K, committed 80680K, reserved 1118208K
  class space    used 10318K, capacity 11077K, committed 11080K, reserved 1048576K
}
Event: 1621.180 GC heap before
{Heap before GC invocations=57 (full 3):
 garbage-first heap   total 183296K, used 120036K [0x0000000700000000, 0x0000000700100598, 0x00000007c0000000)
  region size 1024K, 60 young (61440K), 2 survivors (2048K)
 Metaspace       used 77833K, capacity 82007K, committed 82344K, reserved 1120256K
  class space    used 10636K, capacity 11398K, committed 11464K, reserved 1048576K
}
Event: 1621.183 GC heap after
{Heap after GC invocations=58 (full 3):
 garbage-first heap   total 183296K, used 64113K [0x0000000700000000, 0x0000000700100598, 0x00000007c0000000)
  region size 1024K, 5 young (5120K), 5 survivors (5120K)
 Metaspace       used 77833K, capacity 82007K, committed 82344K, reserved 1120256K
  class space    used 10636K, capacity 11398K, committed 11464K, reserved 1048576K
}
Event: 1621.891 GC heap before
{Heap before GC invocations=58 (full 3):
 garbage-first heap   total 183296K, used 120433K [0x0000000700000000, 0x0000000700100598, 0x00000007c0000000)
  region size 1024K, 60 young (61440K), 5 survivors (5120K)
 Metaspace       used 77847K, capacity 82071K, committed 82344K, reserved 1120256K
  class space    used 10636K, capacity 11398K, committed 11464K, reserved 1048576K
}
Event: 1621.895 GC heap after
{Heap after GC invocations=59 (full 3):
 garbage-first heap   total 183296K, used 67073K [0x0000000700000000, 0x0000000700100598, 0x00000007c0000000)
  region size 1024K, 7 young (7168K), 7 survivors (7168K)
 Metaspace       used 77847K, capacity 82071K, committed 82344K, reserved 1120256K
  class space    used 10636K, capacity 11398K, committed 11464K, reserved 1048576K
}

